2020-04-05 10:04:46.003  INFO 4502 --- [restartedMain] c.g.s.SpringSecurityApplication          : Starting SpringSecurityApplication on GwGs-MacBook-Air.local with PID 4502 (/Users/gwg/Desktop/mar20/udmy/springSecurity_now/target/classes started by gwg in /Users/gwg/Desktop/mar20/udmy/springSecurity_now)
2020-04-05 10:04:46.014 DEBUG 4502 --- [restartedMain] c.g.s.SpringSecurityApplication          : Running with Spring Boot v2.2.6.RELEASE, Spring v5.2.5.RELEASE
2020-04-05 10:04:46.015  INFO 4502 --- [restartedMain] c.g.s.SpringSecurityApplication          : The following profiles are active: pro
2020-04-05 10:04:46.179  INFO 4502 --- [restartedMain] o.s.b.devtools.restart.ChangeableUrls    : The Class-Path manifest attribute in /Users/gwg/.m2/repository/org/glassfish/jaxb/jaxb-runtime/2.3.2/jaxb-runtime-2.3.2.jar referenced one or more files that do not exist: file:/Users/gwg/.m2/repository/org/glassfish/jaxb/jaxb-runtime/2.3.2/jakarta.xml.bind-api-2.3.2.jar,file:/Users/gwg/.m2/repository/org/glassfish/jaxb/jaxb-runtime/2.3.2/txw2-2.3.2.jar,file:/Users/gwg/.m2/repository/org/glassfish/jaxb/jaxb-runtime/2.3.2/istack-commons-runtime-3.0.8.jar,file:/Users/gwg/.m2/repository/org/glassfish/jaxb/jaxb-runtime/2.3.2/stax-ex-1.8.1.jar,file:/Users/gwg/.m2/repository/org/glassfish/jaxb/jaxb-runtime/2.3.2/FastInfoset-1.2.16.jar,file:/Users/gwg/.m2/repository/org/glassfish/jaxb/jaxb-runtime/2.3.2/jakarta.activation-api-1.2.1.jar
2020-04-05 10:04:46.180  INFO 4502 --- [restartedMain] .e.DevToolsPropertyDefaultsPostProcessor : Devtools property defaults active! Set 'spring.devtools.add-properties' to 'false' to disable
2020-04-05 10:04:46.180  INFO 4502 --- [restartedMain] .e.DevToolsPropertyDefaultsPostProcessor : For additional web related logging consider setting the 'logging.level.web' property to 'DEBUG'
2020-04-05 10:04:48.096  INFO 4502 --- [restartedMain] .s.d.r.c.RepositoryConfigurationDelegate : Bootstrapping Spring Data JPA repositories in DEFAULT mode.
2020-04-05 10:04:48.232  INFO 4502 --- [restartedMain] .s.d.r.c.RepositoryConfigurationDelegate : Finished Spring Data repository scanning in 112ms. Found 1 JPA repository interfaces.
2020-04-05 10:04:50.007  INFO 4502 --- [restartedMain] o.s.b.w.embedded.tomcat.TomcatWebServer  : Tomcat initialized with port(s): 8080 (http)
2020-04-05 10:04:50.196  INFO 4502 --- [restartedMain] o.s.web.context.ContextLoader            : Root WebApplicationContext: initialization completed in 4013 ms
2020-04-05 10:04:50.738  INFO 4502 --- [restartedMain] o.s.b.a.h2.H2ConsoleAutoConfiguration    : H2 console available at '/h2-console'. Database available at 'jdbc:mysql://localhost:3306/security?createDatabaseIfNotExist=true&useSSL=false&serverTimezone=UTC&allowPublicKeyRetrieval=true'
2020-04-05 10:04:53.761  INFO 4502 --- [restartedMain] j.LocalContainerEntityManagerFactoryBean : Initialized JPA EntityManagerFactory for persistence unit 'default'
2020-04-05 10:04:54.429  WARN 4502 --- [restartedMain] JpaBaseConfiguration$JpaWebConfiguration : spring.jpa.open-in-view is enabled by default. Therefore, database queries may be performed during view rendering. Explicitly configure spring.jpa.open-in-view to disable this warning
2020-04-05 10:04:54.973  INFO 4502 --- [restartedMain] o.s.s.web.DefaultSecurityFilterChain     : Creating filter chain: any request, [org.springframework.security.web.context.request.async.WebAsyncManagerIntegrationFilter@5de89da4, org.springframework.security.web.context.SecurityContextPersistenceFilter@652db7a8, org.springframework.security.web.header.HeaderWriterFilter@3ac9f589, org.springframework.security.web.csrf.CsrfFilter@694f6e39, org.springframework.security.web.authentication.logout.LogoutFilter@269618f0, org.springframework.security.web.authentication.UsernamePasswordAuthenticationFilter@4dce46d5, org.springframework.security.web.authentication.ui.DefaultLoginPageGeneratingFilter@5c0eb89b, org.springframework.security.web.authentication.ui.DefaultLogoutPageGeneratingFilter@6b9acf8a, org.springframework.security.web.savedrequest.RequestCacheAwareFilter@46eb904e, org.springframework.security.web.servletapi.SecurityContextHolderAwareRequestFilter@3a0813dd, org.springframework.security.web.authentication.AnonymousAuthenticationFilter@1df0a92b, org.springframework.security.web.session.SessionManagementFilter@24c5f3d0, org.springframework.security.web.access.ExceptionTranslationFilter@21080e26, org.springframework.security.web.access.intercept.FilterSecurityInterceptor@51d3fb67]
2020-04-05 10:04:55.275  INFO 4502 --- [restartedMain] o.s.s.concurrent.ThreadPoolTaskExecutor  : Initializing ExecutorService 'applicationTaskExecutor'
2020-04-05 10:04:55.790  INFO 4502 --- [restartedMain] o.s.b.d.a.OptionalLiveReloadServer       : LiveReload server is running on port 35729
2020-04-05 10:04:55.865  INFO 4502 --- [restartedMain] o.s.b.w.embedded.tomcat.TomcatWebServer  : Tomcat started on port(s): 8080 (http) with context path ''
2020-04-05 10:04:55.873  INFO 4502 --- [restartedMain] c.g.s.SpringSecurityApplication          : Started SpringSecurityApplication in 16.142 seconds (JVM running for 18.511)
2020-04-05 10:05:27.253  INFO 4502 --- [http-nio-8080-exec-1] o.s.web.servlet.DispatcherServlet        : Initializing Servlet 'dispatcherServlet'
2020-04-05 10:05:27.270  INFO 4502 --- [http-nio-8080-exec-1] o.s.web.servlet.DispatcherServlet        : Completed initialization in 15 ms
2020-04-05 10:13:35.337  WARN 4502 --- [HikariPool-1 housekeeper] com.zaxxer.hikari.pool.HikariPool        : HikariPool-1 - Thread starvation or clock leap detected (housekeeper delta=1m44s445ms).
2020-04-05 10:31:58.391  WARN 4502 --- [HikariPool-1 housekeeper] com.zaxxer.hikari.pool.HikariPool        : HikariPool-1 - Thread starvation or clock leap detected (housekeeper delta=2m22s929ms).
2020-04-05 10:36:16.488  INFO 4502 --- [SpringContextShutdownHook] o.s.s.concurrent.ThreadPoolTaskExecutor  : Shutting down ExecutorService 'applicationTaskExecutor'
2020-04-05 10:36:16.490  INFO 4502 --- [SpringContextShutdownHook] j.LocalContainerEntityManagerFactoryBean : Closing JPA EntityManagerFactory for persistence unit 'default'
2020-04-05 10:36:28.362  INFO 4610 --- [restartedMain] c.g.s.SpringSecurityApplication          : Starting SpringSecurityApplication on GwGs-MacBook-Air.local with PID 4610 (/Users/gwg/Desktop/mar20/udmy/springSecurity_now/target/classes started by gwg in /Users/gwg/Desktop/mar20/udmy/springSecurity_now)
2020-04-05 10:36:28.366 DEBUG 4610 --- [restartedMain] c.g.s.SpringSecurityApplication          : Running with Spring Boot v2.2.6.RELEASE, Spring v5.2.5.RELEASE
2020-04-05 10:36:28.367  INFO 4610 --- [restartedMain] c.g.s.SpringSecurityApplication          : The following profiles are active: pro
2020-04-05 10:36:28.441  INFO 4610 --- [restartedMain] o.s.b.devtools.restart.ChangeableUrls    : The Class-Path manifest attribute in /Users/gwg/.m2/repository/org/glassfish/jaxb/jaxb-runtime/2.3.2/jaxb-runtime-2.3.2.jar referenced one or more files that do not exist: file:/Users/gwg/.m2/repository/org/glassfish/jaxb/jaxb-runtime/2.3.2/jakarta.xml.bind-api-2.3.2.jar,file:/Users/gwg/.m2/repository/org/glassfish/jaxb/jaxb-runtime/2.3.2/txw2-2.3.2.jar,file:/Users/gwg/.m2/repository/org/glassfish/jaxb/jaxb-runtime/2.3.2/istack-commons-runtime-3.0.8.jar,file:/Users/gwg/.m2/repository/org/glassfish/jaxb/jaxb-runtime/2.3.2/stax-ex-1.8.1.jar,file:/Users/gwg/.m2/repository/org/glassfish/jaxb/jaxb-runtime/2.3.2/FastInfoset-1.2.16.jar,file:/Users/gwg/.m2/repository/org/glassfish/jaxb/jaxb-runtime/2.3.2/jakarta.activation-api-1.2.1.jar
2020-04-05 10:36:28.442  INFO 4610 --- [restartedMain] .e.DevToolsPropertyDefaultsPostProcessor : Devtools property defaults active! Set 'spring.devtools.add-properties' to 'false' to disable
2020-04-05 10:36:28.443  INFO 4610 --- [restartedMain] .e.DevToolsPropertyDefaultsPostProcessor : For additional web related logging consider setting the 'logging.level.web' property to 'DEBUG'
2020-04-05 10:36:29.484  INFO 4610 --- [restartedMain] .s.d.r.c.RepositoryConfigurationDelegate : Bootstrapping Spring Data JPA repositories in DEFAULT mode.
2020-04-05 10:36:29.589  INFO 4610 --- [restartedMain] .s.d.r.c.RepositoryConfigurationDelegate : Finished Spring Data repository scanning in 90ms. Found 1 JPA repository interfaces.
2020-04-05 10:36:30.718  INFO 4610 --- [restartedMain] o.s.b.w.embedded.tomcat.TomcatWebServer  : Tomcat initialized with port(s): 8080 (http)
2020-04-05 10:36:30.875  INFO 4610 --- [restartedMain] o.s.web.context.ContextLoader            : Root WebApplicationContext: initialization completed in 2432 ms
2020-04-05 10:36:31.213  INFO 4610 --- [restartedMain] o.s.b.a.h2.H2ConsoleAutoConfiguration    : H2 console available at '/h2-console'. Database available at 'jdbc:mysql://localhost:3306/security?createDatabaseIfNotExist=true&useSSL=false&serverTimezone=UTC&allowPublicKeyRetrieval=true'
2020-04-05 10:36:32.765  INFO 4610 --- [restartedMain] j.LocalContainerEntityManagerFactoryBean : Initialized JPA EntityManagerFactory for persistence unit 'default'
2020-04-05 10:36:33.300  WARN 4610 --- [restartedMain] JpaBaseConfiguration$JpaWebConfiguration : spring.jpa.open-in-view is enabled by default. Therefore, database queries may be performed during view rendering. Explicitly configure spring.jpa.open-in-view to disable this warning
2020-04-05 10:36:33.577  INFO 4610 --- [restartedMain] o.s.s.web.DefaultSecurityFilterChain     : Creating filter chain: any request, [org.springframework.security.web.context.request.async.WebAsyncManagerIntegrationFilter@4c4109c6, org.springframework.security.web.context.SecurityContextPersistenceFilter@23e1313, org.springframework.security.web.header.HeaderWriterFilter@bc12c13, org.springframework.security.web.csrf.CsrfFilter@79139f8c, org.springframework.security.web.authentication.logout.LogoutFilter@2a21314e, org.springframework.security.web.authentication.UsernamePasswordAuthenticationFilter@3fc685f4, org.springframework.security.web.authentication.ui.DefaultLoginPageGeneratingFilter@765dae52, org.springframework.security.web.authentication.ui.DefaultLogoutPageGeneratingFilter@7f07dbcf, org.springframework.security.web.savedrequest.RequestCacheAwareFilter@5d6e1556, org.springframework.security.web.servletapi.SecurityContextHolderAwareRequestFilter@18e4bd1, org.springframework.security.web.authentication.AnonymousAuthenticationFilter@2eadd923, org.springframework.security.web.session.SessionManagementFilter@5b757488, org.springframework.security.web.access.ExceptionTranslationFilter@ad01e12, org.springframework.security.web.access.intercept.FilterSecurityInterceptor@2cfe4da2]
2020-04-05 10:36:33.768  INFO 4610 --- [restartedMain] o.s.s.concurrent.ThreadPoolTaskExecutor  : Initializing ExecutorService 'applicationTaskExecutor'
2020-04-05 10:36:34.182  INFO 4610 --- [restartedMain] o.s.b.d.a.OptionalLiveReloadServer       : LiveReload server is running on port 35729
2020-04-05 10:36:34.298  INFO 4610 --- [restartedMain] o.s.b.w.embedded.tomcat.TomcatWebServer  : Tomcat started on port(s): 8080 (http) with context path ''
2020-04-05 10:36:34.308  INFO 4610 --- [restartedMain] c.g.s.SpringSecurityApplication          : Started SpringSecurityApplication in 11.617 seconds (JVM running for 12.82)
2020-04-05 10:36:51.618  INFO 4610 --- [http-nio-8080-exec-1] o.s.web.servlet.DispatcherServlet        : Initializing Servlet 'dispatcherServlet'
2020-04-05 10:36:51.629  INFO 4610 --- [http-nio-8080-exec-1] o.s.web.servlet.DispatcherServlet        : Completed initialization in 10 ms
2020-04-05 10:39:30.342  INFO 4616 --- [restartedMain] c.g.s.SpringSecurityApplication          : Starting SpringSecurityApplication on GwGs-MacBook-Air.local with PID 4616 (/Users/gwg/Desktop/mar20/udmy/springSecurity_now/target/classes started by gwg in /Users/gwg/Desktop/mar20/udmy/springSecurity_now)
2020-04-05 10:39:30.345 DEBUG 4616 --- [restartedMain] c.g.s.SpringSecurityApplication          : Running with Spring Boot v2.2.6.RELEASE, Spring v5.2.5.RELEASE
2020-04-05 10:39:30.345  INFO 4616 --- [restartedMain] c.g.s.SpringSecurityApplication          : The following profiles are active: pro
2020-04-05 10:39:30.417  INFO 4616 --- [restartedMain] o.s.b.devtools.restart.ChangeableUrls    : The Class-Path manifest attribute in /Users/gwg/.m2/repository/org/glassfish/jaxb/jaxb-runtime/2.3.2/jaxb-runtime-2.3.2.jar referenced one or more files that do not exist: file:/Users/gwg/.m2/repository/org/glassfish/jaxb/jaxb-runtime/2.3.2/jakarta.xml.bind-api-2.3.2.jar,file:/Users/gwg/.m2/repository/org/glassfish/jaxb/jaxb-runtime/2.3.2/txw2-2.3.2.jar,file:/Users/gwg/.m2/repository/org/glassfish/jaxb/jaxb-runtime/2.3.2/istack-commons-runtime-3.0.8.jar,file:/Users/gwg/.m2/repository/org/glassfish/jaxb/jaxb-runtime/2.3.2/stax-ex-1.8.1.jar,file:/Users/gwg/.m2/repository/org/glassfish/jaxb/jaxb-runtime/2.3.2/FastInfoset-1.2.16.jar,file:/Users/gwg/.m2/repository/org/glassfish/jaxb/jaxb-runtime/2.3.2/jakarta.activation-api-1.2.1.jar
2020-04-05 10:39:30.417  INFO 4616 --- [restartedMain] .e.DevToolsPropertyDefaultsPostProcessor : Devtools property defaults active! Set 'spring.devtools.add-properties' to 'false' to disable
2020-04-05 10:39:30.418  INFO 4616 --- [restartedMain] .e.DevToolsPropertyDefaultsPostProcessor : For additional web related logging consider setting the 'logging.level.web' property to 'DEBUG'
2020-04-05 10:39:31.670  INFO 4616 --- [restartedMain] .s.d.r.c.RepositoryConfigurationDelegate : Bootstrapping Spring Data JPA repositories in DEFAULT mode.
2020-04-05 10:39:31.766  INFO 4616 --- [restartedMain] .s.d.r.c.RepositoryConfigurationDelegate : Finished Spring Data repository scanning in 84ms. Found 1 JPA repository interfaces.
2020-04-05 10:39:32.917  INFO 4616 --- [restartedMain] o.s.b.w.embedded.tomcat.TomcatWebServer  : Tomcat initialized with port(s): 8080 (http)
2020-04-05 10:39:33.073  INFO 4616 --- [restartedMain] o.s.web.context.ContextLoader            : Root WebApplicationContext: initialization completed in 2655 ms
2020-04-05 10:39:33.395  INFO 4616 --- [restartedMain] o.s.b.a.h2.H2ConsoleAutoConfiguration    : H2 console available at '/h2-console'. Database available at 'jdbc:mysql://localhost:3306/security?createDatabaseIfNotExist=true&useSSL=false&serverTimezone=UTC&allowPublicKeyRetrieval=true'
2020-04-05 10:39:34.893  INFO 4616 --- [restartedMain] j.LocalContainerEntityManagerFactoryBean : Initialized JPA EntityManagerFactory for persistence unit 'default'
2020-04-05 10:39:35.347  WARN 4616 --- [restartedMain] JpaBaseConfiguration$JpaWebConfiguration : spring.jpa.open-in-view is enabled by default. Therefore, database queries may be performed during view rendering. Explicitly configure spring.jpa.open-in-view to disable this warning
2020-04-05 10:39:35.605  INFO 4616 --- [restartedMain] o.s.s.web.DefaultSecurityFilterChain     : Creating filter chain: any request, [org.springframework.security.web.context.request.async.WebAsyncManagerIntegrationFilter@1eebda36, org.springframework.security.web.context.SecurityContextPersistenceFilter@6af8d4bf, org.springframework.security.web.header.HeaderWriterFilter@186ad1f5, org.springframework.security.web.csrf.CsrfFilter@297b4777, org.springframework.security.web.authentication.logout.LogoutFilter@4c4ef99d, org.springframework.security.web.authentication.UsernamePasswordAuthenticationFilter@34f61461, org.springframework.security.web.authentication.ui.DefaultLoginPageGeneratingFilter@36c6fbd5, org.springframework.security.web.authentication.ui.DefaultLogoutPageGeneratingFilter@11eb0f51, org.springframework.security.web.savedrequest.RequestCacheAwareFilter@7a8bed9b, org.springframework.security.web.servletapi.SecurityContextHolderAwareRequestFilter@149e97ee, org.springframework.security.web.authentication.AnonymousAuthenticationFilter@72bb037b, org.springframework.security.web.session.SessionManagementFilter@37e88633, org.springframework.security.web.access.ExceptionTranslationFilter@44ad9254, org.springframework.security.web.access.intercept.FilterSecurityInterceptor@332121b1]
2020-04-05 10:39:35.799  INFO 4616 --- [restartedMain] o.s.s.concurrent.ThreadPoolTaskExecutor  : Initializing ExecutorService 'applicationTaskExecutor'
2020-04-05 10:39:36.119  WARN 4616 --- [restartedMain] o.s.b.d.a.OptionalLiveReloadServer       : Unable to start LiveReload server
2020-04-05 10:39:36.180  WARN 4616 --- [restartedMain] o.a.c.loader.WebappClassLoaderBase       : The web application [ROOT] appears to have started a thread named [HikariPool-1 housekeeper] but has failed to stop it. This is very likely to create a memory leak. Stack trace of thread:
 java.base@13.0.1/jdk.internal.misc.Unsafe.park(Native Method)
 java.base@13.0.1/java.util.concurrent.locks.LockSupport.parkNanos(LockSupport.java:235)
 java.base@13.0.1/java.util.concurrent.locks.AbstractQueuedSynchronizer$ConditionObject.awaitNanos(AbstractQueuedSynchronizer.java:2123)
 java.base@13.0.1/java.util.concurrent.ScheduledThreadPoolExecutor$DelayedWorkQueue.take(ScheduledThreadPoolExecutor.java:1182)
 java.base@13.0.1/java.util.concurrent.ScheduledThreadPoolExecutor$DelayedWorkQueue.take(ScheduledThreadPoolExecutor.java:899)
 java.base@13.0.1/java.util.concurrent.ThreadPoolExecutor.getTask(ThreadPoolExecutor.java:1054)
 java.base@13.0.1/java.util.concurrent.ThreadPoolExecutor.runWorker(ThreadPoolExecutor.java:1114)
 java.base@13.0.1/java.util.concurrent.ThreadPoolExecutor$Worker.run(ThreadPoolExecutor.java:628)
 java.base@13.0.1/java.lang.Thread.run(Thread.java:830)
2020-04-05 10:39:36.182  WARN 4616 --- [restartedMain] o.a.c.loader.WebappClassLoaderBase       : The web application [ROOT] appears to have started a thread named [HikariPool-1 connection adder] but has failed to stop it. This is very likely to create a memory leak. Stack trace of thread:
 java.base@13.0.1/jdk.internal.misc.Unsafe.park(Native Method)
 java.base@13.0.1/java.util.concurrent.locks.LockSupport.parkNanos(LockSupport.java:235)
 java.base@13.0.1/java.util.concurrent.locks.AbstractQueuedSynchronizer$ConditionObject.awaitNanos(AbstractQueuedSynchronizer.java:2123)
 java.base@13.0.1/java.util.concurrent.LinkedBlockingQueue.poll(LinkedBlockingQueue.java:458)
 java.base@13.0.1/java.util.concurrent.ThreadPoolExecutor.getTask(ThreadPoolExecutor.java:1053)
 java.base@13.0.1/java.util.concurrent.ThreadPoolExecutor.runWorker(ThreadPoolExecutor.java:1114)
 java.base@13.0.1/java.util.concurrent.ThreadPoolExecutor$Worker.run(ThreadPoolExecutor.java:628)
 java.base@13.0.1/java.lang.Thread.run(Thread.java:830)
2020-04-05 10:39:36.188  INFO 4616 --- [restartedMain] ConditionEvaluationReportLoggingListener : 

Error starting ApplicationContext. To display the conditions report re-run your application with 'debug' enabled.
2020-04-05 10:39:36.192 ERROR 4616 --- [restartedMain] o.s.b.d.LoggingFailureAnalysisReporter   : 

***************************
APPLICATION FAILED TO START
***************************

Description:

Web server failed to start. Port 8080 was already in use.

Action:

Identify and stop the process that's listening on port 8080 or configure this application to listen on another port.

2020-04-05 10:39:36.197  INFO 4616 --- [restartedMain] o.s.s.concurrent.ThreadPoolTaskExecutor  : Shutting down ExecutorService 'applicationTaskExecutor'
2020-04-05 10:39:36.198  INFO 4616 --- [restartedMain] j.LocalContainerEntityManagerFactoryBean : Closing JPA EntityManagerFactory for persistence unit 'default'
